
> my-project@0.1.0 build
> next build

Γû▓ Next.js 16.1.6 (Turbopack)
- Environments: .env.local

node.exe : ΓÜá The 
"middleware" file 
convention is 
deprecated. Please use 
"proxy" instead. Learn 
more: https://nextjs.or
g/docs/messages/middlew
are-to-proxy
At line:1 char:1
+ & "C:\Program 
Files\nodejs/node.exe" 
"C:\Program 
Files\nodejs/node_mo 
...
+ ~~~~~~~~~~~~~~~~~~~~~
~~~~~~~~~~~~~~~~~~~~~~~
~~~~~~~~~~~~~~~~~~~~~~~
~~
    + CategoryInfo     
         : NotSpecifi  
  ed: (ΓÜá The "midd   
 le...leware-to-pro    
xy:String) [], Rem    
oteException
    + FullyQualifiedEr 
   rorId : NativeComm  
  andError
 
  Creating an optimized production build ...

> Build error occurred
Error: Turbopack build 
failed with 12 errors:
./app/actions/admin.ts:
3:1
Module not found: 
Can't resolve 
'@/lib/supabase/server'
[0m [90m 1 |[39m 
[32m"use server"[39m
 [90m 2 |[39m
[31m[1m>[22m[39m[9
0m 3 |[39m 
[36mimport[39m { 
createClient } 
[36mfrom[39m [32m"@/
lib/supabase/server"[3
9m
 [90m   |[39m [31m[
1m^[22m[39m[31m[1m^
[22m[39m[31m[1m^[2
2m[39m[31m[1m^[22m
[39m[31m[1m^[22m[39
m[31m[1m^[22m[39m[
31m[1m^[22m[39m[31m
[1m^[22m[39m[31m[1
m^[22m[39m[31m[1m^
[22m[39m[31m[1m^[22
m[39m[31m[1m^[22m[
39m[31m[1m^[22m[39m
[31m[1m^[22m[39m[3
1m[1m^[22m[39m[31m
[1m^[22m[39m[31m[1m
^[22m[39m[31m[1m^[
22m[39m[31m[1m^[22m
[39m[31m[1m^[22m[3
9m[31m[1m^[22m[39m
[31m[1m^[22m[39m[31
m[1m^[22m[39m[31m[
1m^[22m[39m[31m[1m^
[22m[39m[31m[1m^[2
2m[39m[31m[1m^[22m
[39m[31m[1m^[22m[39
m[31m[1m^[22m[39m[
31m[1m^[22m[39m[31m
[1m^[22m[39m[31m[1
m^[22m[39m[31m[1m^
[22m[39m[31m[1m^[22
m[39m[31m[1m^[22m[
39m[31m[1m^[22m[39m
[31m[1m^[22m[39m[3
1m[1m^[22m[39m[31m
[1m^[22m[39m[31m[1m
^[22m[39m[31m[1m^[
22m[39m[31m[1m^[22m
[39m[31m[1m^[22m[3
9m[31m[1m^[22m[39m
[31m[1m^[22m[39m[31
m[1m^[22m[39m[31m[
1m^[22m[39m[31m[1m^
[22m[39m[31m[1m^[2
2m[39m[31m[1m^[22m
[39m[31m[1m^[22m[39
m[31m[1m^[22m[39m
 [90m 4 |[39m 
[36mimport[39m { 
revalidatePath } 
[36mfrom[39m 
[32m"next/cache"[39m
 [90m 5 |[39m
 [90m 6 |[39m 
[90m// High-level 
utility to check admin 
status[39m[0m

Import map: aliased to 
relative './lib/supabas
e/server' inside of 
[project]/


Import traces:
  Server Component:
    
./app/actions/admin.ts
    
./app/admin/page.tsx

  Client Component 
Browser:
    
./app/actions/admin.ts 
[Client Component 
Browser]
    ./components/admin/
courses-table.tsx 
[Client Component 
Browser]
    ./app/admin/dashboa
rd/client.tsx [Client 
Component Browser]
    ./app/admin/dashboa
rd/client.tsx [Server 
Component]
    ./app/admin/dashboa
rd/page.tsx [Server 
Component]

  Client Component SSR:
    
./app/actions/admin.ts 
[Client Component SSR]
    ./components/admin/
courses-table.tsx 
[Client Component SSR]
    ./app/admin/dashboa
rd/client.tsx [Client 
Component SSR]
    ./app/admin/dashboa
rd/client.tsx [Server 
Component]
    ./app/admin/dashboa
rd/page.tsx [Server 
Component]

https://nextjs.org/docs
/messages/module-not-fo
und


./app/admin/layout.tsx:
3:1
Module not found: 
Can't resolve 
'@/lib/supabase/server'
[0m [90m 1 |[39m 
[36mimport[39m { 
[33mNavbar[39m } 
[36mfrom[39m [32m"@/
components/navbar"[39m
 [90m 2 |[39m 
[36mimport[39m { 
redirect } 
[36mfrom[39m [32m"ne
xt/navigation"[39m
[31m[1m>[22m[39m[9
0m 3 |[39m 
[36mimport[39m { 
createClient } 
[36mfrom[39m [32m"@/
lib/supabase/server"[3
9m
 [90m   |[39m [31m[
1m^[22m[39m[31m[1m^
[22m[39m[31m[1m^[2
2m[39m[31m[1m^[22m
[39m[31m[1m^[22m[39
m[31m[1m^[22m[39m[
31m[1m^[22m[39m[31m
[1m^[22m[39m[31m[1
m^[22m[39m[31m[1m^
[22m[39m[31m[1m^[22
m[39m[31m[1m^[22m[
39m[31m[1m^[22m[39m
[31m[1m^[22m[39m[3
1m[1m^[22m[39m[31m
[1m^[22m[39m[31m[1m
^[22m[39m[31m[1m^[
22m[39m[31m[1m^[22m
[39m[31m[1m^[22m[3
9m[31m[1m^[22m[39m
[31m[1m^[22m[39m[31
m[1m^[22m[39m[31m[
1m^[22m[39m[31m[1m^
[22m[39m[31m[1m^[2
2m[39m[31m[1m^[22m
[39m[31m[1m^[22m[39
m[31m[1m^[22m[39m[
31m[1m^[22m[39m[31m
[1m^[22m[39m[31m[1
m^[22m[39m[31m[1m^
[22m[39m[31m[1m^[22
m[39m[31m[1m^[22m[
39m[31m[1m^[22m[39m
[31m[1m^[22m[39m[3
1m[1m^[22m[39m[31m
[1m^[22m[39m[31m[1m
^[22m[39m[31m[1m^[
22m[39m[31m[1m^[22m
[39m[31m[1m^[22m[3
9m[31m[1m^[22m[39m
[31m[1m^[22m[39m[31
m[1m^[22m[39m[31m[
1m^[22m[39m[31m[1m^
[22m[39m[31m[1m^[2
2m[39m[31m[1m^[22m
[39m[31m[1m^[22m[39
m[31m[1m^[22m[39m
 [90m 4 |[39m 
[36mimport[39m 
[33mLink[39m 
[36mfrom[39m 
[32m"next/link"[39m
 [90m 5 |[39m 
[36mimport[39m { [33
mLayoutDashboard[39m[
33m,[39m [33mUsers[3
9m[33m,[39m [33mBook
Open[39m[33m,[39m [
33mMessageSquare[39m[
33m,[39m 
[33mSettings[39m } 
[36mfrom[39m [32m"lu
cide-react"[39m
 [90m 6 |[39m[0m

Import map: aliased to 
relative './lib/supabas
e/server' inside of 
[project]/


https://nextjs.org/docs
/messages/module-not-fo
und


./components/admin/cour
ses-table.tsx:6:1
Export deleteCourse 
doesn't exist in 
target module
[0m [90m 4 |[39m 
[36mimport[39m { 
motion } 
[36mfrom[39m [32m"fr
amer-motion"[39m
 [90m 5 |[39m 
[36mimport[39m { [33
mTrash2[39m[33m,[39m
 [33mEye[39m[33m,[3
9m [33mEyeOff[39m[33
m,[39m [33mStar[39m 
} [36mfrom[39m [32m"
lucide-react"[39m
[31m[1m>[22m[39m[9
0m 6 |[39m 
[36mimport[39m { togg
leCoursePublish[33m,[
39m toggleCoursePremium
[33m,[39m 
deleteCourse } 
[36mfrom[39m [32m"@/
app/actions/admin"[39m
 [90m   |[39m [31m[
1m^[22m[39m[31m[1m^
[22m[39m[31m[1m^[2
2m[39m[31m[1m^[22m
[39m[31m[1m^[22m[39
m[31m[1m^[22m[39m[
31m[1m^[22m[39m[31m
[1m^[22m[39m[31m[1
m^[22m[39m[31m[1m^
[22m[39m[31m[1m^[22
m[39m[31m[1m^[22m[
39m[31m[1m^[22m[39m
[31m[1m^[22m[39m[3
1m[1m^[22m[39m[31m
[1m^[22m[39m[31m[1m
^[22m[39m[31m[1m^[
22m[39m[31m[1m^[22m
[39m[31m[1m^[22m[3
9m[31m[1m^[22m[39m
[31m[1m^[22m[39m[31
m[1m^[22m[39m[31m[
1m^[22m[39m[31m[1m^
[22m[39m[31m[1m^[2
2m[39m[31m[1m^[22m
[39m[31m[1m^[22m[39
m[31m[1m^[22m[39m[
31m[1m^[22m[39m[31m
[1m^[22m[39m[31m[1
m^[22m[39m[31m[1m^
[22m[39m[31m[1m^[22
m[39m[31m[1m^[22m[
39m[31m[1m^[22m[39m
[31m[1m^[22m[39m[3
1m[1m^[22m[39m[31m
[1m^[22m[39m[31m[1m
^[22m[39m[31m[1m^[
22m[39m[31m[1m^[22m
[39m[31m[1m^[22m[3
9m[31m[1m^[22m[39m
[31m[1m^[22m[39m[31
m[1m^[22m[39m[31m[
1m^[22m[39m[31m[1m^
[22m[39m[31m[1m^[2
2m[39m[31m[1m^[22m
[39m[31m[1m^[22m[39
m[31m[1m^[22m[39m[
31m[1m^[22m[39m[31m
[1m^[22m[39m[31m[1
m^[22m[39m[31m[1m^
[22m[39m[31m[1m^[22
m[39m[31m[1m^[22m[
39m[31m[1m^[22m[39m
[31m[1m^[22m[39m[3
1m[1m^[22m[39m[31m
[1m^[22m[39m[31m[1m
^[22m[39m[31m[1m^[
22m[39m[31m[1m^[22m
[39m[31m[1m^[22m[3
9m[31m[1m^[22m[39m
[31m[1m^[22m[39m[31
m[1m^[22m[39m[31m[
1m^[22m[39m[31m[1m^
[22m[39m[31m[1m^[2
2m[39m[31m[1m^[22m
[39m[31m[1m^[22m[39
m[31m[1m^[22m[39m[
31m[1m^[22m[39m[31m
[1m^[22m[39m[31m[1
m^[22m[39m[31m[1m^
[22m[39m[31m[1m^[22
m[39m[31m[1m^[22m[
39m[31m[1m^[22m[39m
[31m[1m^[22m[39m[3
1m[1m^[22m[39m[31m
[1m^[22m[39m[31m[1m
^[22m[39m[31m[1m^[
22m[39m[31m[1m^[22m
[39m[31m[1m^[22m[3
9m[31m[1m^[22m[39m
[31m[1m^[22m[39m[31
m[1m^[22m[39m
 [90m 7 |[39m
 [90m 8 |[39m 
[36minterface[39m 
[33mCourse[39m {
 [90m 9 |[39m     
id[33m:[39m 
string[0m

The export 
deleteCourse was not 
found in module [projec
t]/app/actions/admin.ts
 [app-client] 
(ecmascript).
Did you mean to import 
deleteUser?
All exports of the 
module are statically 
known (It doesn't have 
dynamic exports). So 
it's known statically 
that the requested 
export doesn't exist.

Import traces:
  Client Component 
Browser:
    ./components/admin/
courses-table.tsx 
[Client Component 
Browser]
    ./app/admin/dashboa
rd/client.tsx [Client 
Component Browser]
    ./app/admin/dashboa
rd/client.tsx [Server 
Component]
    ./app/admin/dashboa
rd/page.tsx [Server 
Component]

  Client Component SSR:
    ./components/admin/
courses-table.tsx 
[Client Component SSR]
    ./app/admin/dashboa
rd/client.tsx [Client 
Component SSR]
    ./app/admin/dashboa
rd/client.tsx [Server 
Component]
    ./app/admin/dashboa
rd/page.tsx [Server 
Component]


./components/admin/cour
ses-table.tsx:6:1
Export deleteCourse 
doesn't exist in 
target module
[0m [90m 4 |[39m 
[36mimport[39m { 
motion } 
[36mfrom[39m [32m"fr
amer-motion"[39m
 [90m 5 |[39m 
[36mimport[39m { [33
mTrash2[39m[33m,[39m
 [33mEye[39m[33m,[3
9m [33mEyeOff[39m[33
m,[39m [33mStar[39m 
} [36mfrom[39m [32m"
lucide-react"[39m
[31m[1m>[22m[39m[9
0m 6 |[39m 
[36mimport[39m { togg
leCoursePublish[33m,[
39m toggleCoursePremium
[33m,[39m 
deleteCourse } 
[36mfrom[39m [32m"@/
app/actions/admin"[39m
 [90m   |[39m [31m[
1m^[22m[39m[31m[1m^
[22m[39m[31m[1m^[2
2m[39m[31m[1m^[22m
[39m[31m[1m^[22m[39
m[31m[1m^[22m[39m[
31m[1m^[22m[39m[31m
[1m^[22m[39m[31m[1
m^[22m[39m[31m[1m^
[22m[39m[31m[1m^[22
m[39m[31m[1m^[22m[
39m[31m[1m^[22m[39m
[31m[1m^[22m[39m[3
1m[1m^[22m[39m[31m
[1m^[22m[39m[31m[1m
^[22m[39m[31m[1m^[
22m[39m[31m[1m^[22m
[39m[31m[1m^[22m[3
9m[31m[1m^[22m[39m
[31m[1m^[22m[39m[31
m[1m^[22m[39m[31m[
1m^[22m[39m[31m[1m^
[22m[39m[31m[1m^[2
2m[39m[31m[1m^[22m
[39m[31m[1m^[22m[39
m[31m[1m^[22m[39m[
31m[1m^[22m[39m[31m
[1m^[22m[39m[31m[1
m^[22m[39m[31m[1m^
[22m[39m[31m[1m^[22
m[39m[31m[1m^[22m[
39m[31m[1m^[22m[39m
[31m[1m^[22m[39m[3
1m[1m^[22m[39m[31m
[1m^[22m[39m[31m[1m
^[22m[39m[31m[1m^[
22m[39m[31m[1m^[22m
[39m[31m[1m^[22m[3
9m[31m[1m^[22m[39m
[31m[1m^[22m[39m[31
m[1m^[22m[39m[31m[
1m^[22m[39m[31m[1m^
[22m[39m[31m[1m^[2
2m[39m[31m[1m^[22m
[39m[31m[1m^[22m[39
m[31m[1m^[22m[39m[
31m[1m^[22m[39m[31m
[1m^[22m[39m[31m[1
m^[22m[39m[31m[1m^
[22m[39m[31m[1m^[22
m[39m[31m[1m^[22m[
39m[31m[1m^[22m[39m
[31m[1m^[22m[39m[3
1m[1m^[22m[39m[31m
[1m^[22m[39m[31m[1m
^[22m[39m[31m[1m^[
22m[39m[31m[1m^[22m
[39m[31m[1m^[22m[3
9m[31m[1m^[22m[39m
[31m[1m^[22m[39m[31
m[1m^[22m[39m[31m[
1m^[22m[39m[31m[1m^
[22m[39m[31m[1m^[2
2m[39m[31m[1m^[22m
[39m[31m[1m^[22m[39
m[31m[1m^[22m[39m[
31m[1m^[22m[39m[31m
[1m^[22m[39m[31m[1
m^[22m[39m[31m[1m^
[22m[39m[31m[1m^[22
m[39m[31m[1m^[22m[
39m[31m[1m^[22m[39m
[31m[1m^[22m[39m[3
1m[1m^[22m[39m[31m
[1m^[22m[39m[31m[1m
^[22m[39m[31m[1m^[
22m[39m[31m[1m^[22m
[39m[31m[1m^[22m[3
9m[31m[1m^[22m[39m
[31m[1m^[22m[39m[31
m[1m^[22m[39m
 [90m 7 |[39m
 [90m 8 |[39m 
[36minterface[39m 
[33mCourse[39m {
 [90m 9 |[39m     
id[33m:[39m 
string[0m

The export 
deleteCourse was not 
found in module [projec
t]/app/actions/admin.ts
 [app-ssr] 
(ecmascript).
Did you mean to import 
deleteUser?
All exports of the 
module are statically 
known (It doesn't have 
dynamic exports). So 
it's known statically 
that the requested 
export doesn't exist.

Import traces:
  Client Component 
Browser:
    ./components/admin/
courses-table.tsx 
[Client Component 
Browser]
    ./app/admin/dashboa
rd/client.tsx [Client 
Component Browser]
    ./app/admin/dashboa
rd/client.tsx [Server 
Component]
    ./app/admin/dashboa
rd/page.tsx [Server 
Component]

  Client Component SSR:
    ./components/admin/
courses-table.tsx 
[Client Component SSR]
    ./app/admin/dashboa
rd/client.tsx [Client 
Component SSR]
    ./app/admin/dashboa
rd/client.tsx [Server 
Component]
    ./app/admin/dashboa
rd/page.tsx [Server 
Component]


./app/admin/dashboard/p
age.tsx:4:1
Export 
getAllCoursesAdmin 
doesn't exist in 
target module
[0m [90m 2 |[39m 
[36mimport[39m { 
[33mFooter[39m } 
[36mfrom[39m [32m"@/
components/footer"[39m
 [90m 3 |[39m 
[36mimport[39m { [33
mShield[39m[33m,[39m
 [33mUsers[39m[33m,
[39m [33mActivity[39m
[33m,[39m [33mServer
[39m[33m,[39m [33mZ
ap[39m[33m,[39m [33
mTerminal[39m[33m,[3
9m [33mGitMerge[39m[
33m,[39m [33mLayoutDa
shboard[39m[33m,[39m
 [33mCompass[39m } 
[36mfrom[39m [32m"lu
cide-react"[39m
[31m[1m>[22m[39m[9
0m 4 |[39m 
[36mimport[39m { getD
ashboardMetrics[33m,[
39m 
getAllUsers[33m,[39m 
getAllCoursesAdmin } 
[36mfrom[39m [32m"@/
app/actions/admin"[39m
 [90m   |[39m [31m[
1m^[22m[39m[31m[1m^
[22m[39m[31m[1m^[2
2m[39m[31m[1m^[22m
[39m[31m[1m^[22m[39
m[31m[1m^[22m[39m[
31m[1m^[22m[39m[31m
[1m^[22m[39m[31m[1
m^[22m[39m[31m[1m^
[22m[39m[31m[1m^[22
m[39m[31m[1m^[22m[
39m[31m[1m^[22m[39m
[31m[1m^[22m[39m[3
1m[1m^[22m[39m[31m
[1m^[22m[39m[31m[1m
^[22m[39m[31m[1m^[
22m[39m[31m[1m^[22m
[39m[31m[1m^[22m[3
9m[31m[1m^[22m[39m
[31m[1m^[22m[39m[31
m[1m^[22m[39m[31m[
1m^[22m[39m[31m[1m^
[22m[39m[31m[1m^[2
2m[39m[31m[1m^[22m
[39m[31m[1m^[22m[39
m[31m[1m^[22m[39m[
31m[1m^[22m[39m[31m
[1m^[22m[39m[31m[1
m^[22m[39m[31m[1m^
[22m[39m[31m[1m^[22
m[39m[31m[1m^[22m[
39m[31m[1m^[22m[39m
[31m[1m^[22m[39m[3
1m[1m^[22m[39m[31m
[1m^[22m[39m[31m[1m
^[22m[39m[31m[1m^[
22m[39m[31m[1m^[22m
[39m[31m[1m^[22m[3
9m[31m[1m^[22m[39m
[31m[1m^[22m[39m[31
m[1m^[22m[39m[31m[
1m^[22m[39m[31m[1m^
[22m[39m[31m[1m^[2
2m[39m[31m[1m^[22m
[39m[31m[1m^[22m[39
m[31m[1m^[22m[39m[
31m[1m^[22m[39m[31m
[1m^[22m[39m[31m[1
m^[22m[39m[31m[1m^
[22m[39m[31m[1m^[22
m[39m[31m[1m^[22m[
39m[31m[1m^[22m[39m
[31m[1m^[22m[39m[3
1m[1m^[22m[39m[31m
[1m^[22m[39m[31m[1m
^[22m[39m[31m[1m^[
22m[39m[31m[1m^[22m
[39m[31m[1m^[22m[3
9m[31m[1m^[22m[39m
[31m[1m^[22m[39m[31
m[1m^[22m[39m[31m[
1m^[22m[39m[31m[1m^
[22m[39m[31m[1m^[2
2m[39m[31m[1m^[22m
[39m[31m[1m^[22m[39
m[31m[1m^[22m[39m[
31m[1m^[22m[39m[31m
[1m^[22m[39m[31m[1
m^[22m[39m[31m[1m^
[22m[39m[31m[1m^[22
m[39m[31m[1m^[22m[
39m[31m[1m^[22m[39m
[31m[1m^[22m[39m[3
1m[1m^[22m[39m[31m
[1m^[22m[39m[31m[1m
^[22m[39m[31m[1m^[
22m[39m[31m[1m^[22m
[39m[31m[1m^[22m[3
9m[31m[1m^[22m[39m
 [90m 5 |[39m 
[36mimport[39m { [33
mAdminDashboardClient[
39m } [36mfrom[39m 
[32m"./client"[39m
 [90m 6 |[39m 
[36mconst[39m 
containerVariants 
[33m=[39m {
 [90m 7 |[39m     
hidden[33m:[39m { 
opacity[33m:[39m 
[35m0[39m 
}[33m,[39m[0m

The export 
getAllCoursesAdmin was 
not found in module [pr
oject]/app/actions/admi
n.ts [app-rsc] 
(ecmascript).
Did you mean to import 
getAllUsers?
All exports of the 
module are statically 
known (It doesn't have 
dynamic exports). So 
it's known statically 
that the requested 
export doesn't exist.


./app/admin/dashboard/p
age.tsx:4:1
Export 
getDashboardMetrics 
doesn't exist in 
target module
[0m [90m 2 |[39m 
[36mimport[39m { 
[33mFooter[39m } 
[36mfrom[39m [32m"@/
components/footer"[39m
 [90m 3 |[39m 
[36mimport[39m { [33
mShield[39m[33m,[39m
 [33mUsers[39m[33m,
[39m [33mActivity[39m
[33m,[39m [33mServer
[39m[33m,[39m [33mZ
ap[39m[33m,[39m [33
mTerminal[39m[33m,[3
9m [33mGitMerge[39m[
33m,[39m [33mLayoutDa
shboard[39m[33m,[39m
 [33mCompass[39m } 
[36mfrom[39m [32m"lu
cide-react"[39m
[31m[1m>[22m[39m[9
0m 4 |[39m 
[36mimport[39m { getD
ashboardMetrics[33m,[
39m 
getAllUsers[33m,[39m 
getAllCoursesAdmin } 
[36mfrom[39m [32m"@/
app/actions/admin"[39m
 [90m   |[39m [31m[
1m^[22m[39m[31m[1m^
[22m[39m[31m[1m^[2
2m[39m[31m[1m^[22m
[39m[31m[1m^[22m[39
m[31m[1m^[22m[39m[
31m[1m^[22m[39m[31m
[1m^[22m[39m[31m[1
m^[22m[39m[31m[1m^
[22m[39m[31m[1m^[22
m[39m[31m[1m^[22m[
39m[31m[1m^[22m[39m
[31m[1m^[22m[39m[3
1m[1m^[22m[39m[31m
[1m^[22m[39m[31m[1m
^[22m[39m[31m[1m^[
22m[39m[31m[1m^[22m
[39m[31m[1m^[22m[3
9m[31m[1m^[22m[39m
[31m[1m^[22m[39m[31
m[1m^[22m[39m[31m[
1m^[22m[39m[31m[1m^
[22m[39m[31m[1m^[2
2m[39m[31m[1m^[22m
[39m[31m[1m^[22m[39
m[31m[1m^[22m[39m[
31m[1m^[22m[39m[31m
[1m^[22m[39m[31m[1
m^[22m[39m[31m[1m^
[22m[39m[31m[1m^[22
m[39m[31m[1m^[22m[
39m[31m[1m^[22m[39m
[31m[1m^[22m[39m[3
1m[1m^[22m[39m[31m
[1m^[22m[39m[31m[1m
^[22m[39m[31m[1m^[
22m[39m[31m[1m^[22m
[39m[31m[1m^[22m[3
9m[31m[1m^[22m[39m
[31m[1m^[22m[39m[31
m[1m^[22m[39m[31m[
1m^[22m[39m[31m[1m^
[22m[39m[31m[1m^[2
2m[39m[31m[1m^[22m
[39m[31m[1m^[22m[39
m[31m[1m^[22m[39m[
31m[1m^[22m[39m[31m
[1m^[22m[39m[31m[1
m^[22m[39m[31m[1m^
[22m[39m[31m[1m^[22
m[39m[31m[1m^[22m[
39m[31m[1m^[22m[39m
[31m[1m^[22m[39m[3
1m[1m^[22m[39m[31m
[1m^[22m[39m[31m[1m
^[22m[39m[31m[1m^[
22m[39m[31m[1m^[22m
[39m[31m[1m^[22m[3
9m[31m[1m^[22m[39m
[31m[1m^[22m[39m[31
m[1m^[22m[39m[31m[
1m^[22m[39m[31m[1m^
[22m[39m[31m[1m^[2
2m[39m[31m[1m^[22m
[39m[31m[1m^[22m[39
m[31m[1m^[22m[39m[
31m[1m^[22m[39m[31m
[1m^[22m[39m[31m[1
m^[22m[39m[31m[1m^
[22m[39m[31m[1m^[22
m[39m[31m[1m^[22m[
39m[31m[1m^[22m[39m
[31m[1m^[22m[39m[3
1m[1m^[22m[39m[31m
[1m^[22m[39m[31m[1m
^[22m[39m[31m[1m^[
22m[39m[31m[1m^[22m
[39m[31m[1m^[22m[3
9m[31m[1m^[22m[39m
 [90m 5 |[39m 
[36mimport[39m { [33
mAdminDashboardClient[
39m } [36mfrom[39m 
[32m"./client"[39m
 [90m 6 |[39m 
[36mconst[39m 
containerVariants 
[33m=[39m {
 [90m 7 |[39m     
hidden[33m:[39m { 
opacity[33m:[39m 
[35m0[39m 
}[33m,[39m[0m

The export 
getDashboardMetrics 
was not found in 
module [project]/app/ac
tions/admin.ts 
[app-rsc] (ecmascript).
Did you mean to import 
getAdminCourses?
All exports of the 
module are statically 
known (It doesn't have 
dynamic exports). So 
it's known statically 
that the requested 
export doesn't exist.


./components/admin/cour
ses-table.tsx:6:1
Export 
toggleCoursePremium 
doesn't exist in 
target module
[0m [90m 4 |[39m 
[36mimport[39m { 
motion } 
[36mfrom[39m [32m"fr
amer-motion"[39m
 [90m 5 |[39m 
[36mimport[39m { [33
mTrash2[39m[33m,[39m
 [33mEye[39m[33m,[3
9m [33mEyeOff[39m[33
m,[39m [33mStar[39m 
} [36mfrom[39m [32m"
lucide-react"[39m
[31m[1m>[22m[39m[9
0m 6 |[39m 
[36mimport[39m { togg
leCoursePublish[33m,[
39m toggleCoursePremium
[33m,[39m 
deleteCourse } 
[36mfrom[39m [32m"@/
app/actions/admin"[39m
 [90m   |[39m [31m[
1m^[22m[39m[31m[1m^
[22m[39m[31m[1m^[2
2m[39m[31m[1m^[22m
[39m[31m[1m^[22m[39
m[31m[1m^[22m[39m[
31m[1m^[22m[39m[31m
[1m^[22m[39m[31m[1
m^[22m[39m[31m[1m^
[22m[39m[31m[1m^[22
m[39m[31m[1m^[22m[
39m[31m[1m^[22m[39m
[31m[1m^[22m[39m[3
1m[1m^[22m[39m[31m
[1m^[22m[39m[31m[1m
^[22m[39m[31m[1m^[
22m[39m[31m[1m^[22m
[39m[31m[1m^[22m[3
9m[31m[1m^[22m[39m
[31m[1m^[22m[39m[31
m[1m^[22m[39m[31m[
1m^[22m[39m[31m[1m^
[22m[39m[31m[1m^[2
2m[39m[31m[1m^[22m
[39m[31m[1m^[22m[39
m[31m[1m^[22m[39m[
31m[1m^[22m[39m[31m
[1m^[22m[39m[31m[1
m^[22m[39m[31m[1m^
[22m[39m[31m[1m^[22
m[39m[31m[1m^[22m[
39m[31m[1m^[22m[39m
[31m[1m^[22m[39m[3
1m[1m^[22m[39m[31m
[1m^[22m[39m[31m[1m
^[22m[39m[31m[1m^[
22m[39m[31m[1m^[22m
[39m[31m[1m^[22m[3
9m[31m[1m^[22m[39m
[31m[1m^[22m[39m[31
m[1m^[22m[39m[31m[
1m^[22m[39m[31m[1m^
[22m[39m[31m[1m^[2
2m[39m[31m[1m^[22m
[39m[31m[1m^[22m[39
m[31m[1m^[22m[39m[
31m[1m^[22m[39m[31m
[1m^[22m[39m[31m[1
m^[22m[39m[31m[1m^
[22m[39m[31m[1m^[22
m[39m[31m[1m^[22m[
39m[31m[1m^[22m[39m
[31m[1m^[22m[39m[3
1m[1m^[22m[39m[31m
[1m^[22m[39m[31m[1m
^[22m[39m[31m[1m^[
22m[39m[31m[1m^[22m
[39m[31m[1m^[22m[3
9m[31m[1m^[22m[39m
[31m[1m^[22m[39m[31
m[1m^[22m[39m[31m[
1m^[22m[39m[31m[1m^
[22m[39m[31m[1m^[2
2m[39m[31m[1m^[22m
[39m[31m[1m^[22m[39
m[31m[1m^[22m[39m[
31m[1m^[22m[39m[31m
[1m^[22m[39m[31m[1
m^[22m[39m[31m[1m^
[22m[39m[31m[1m^[22
m[39m[31m[1m^[22m[
39m[31m[1m^[22m[39m
[31m[1m^[22m[39m[3
1m[1m^[22m[39m[31m
[1m^[22m[39m[31m[1m
^[22m[39m[31m[1m^[
22m[39m[31m[1m^[22m
[39m[31m[1m^[22m[3
9m[31m[1m^[22m[39m
[31m[1m^[22m[39m[31
m[1m^[22m[39m
 [90m 7 |[39m
 [90m 8 |[39m 
[36minterface[39m 
[33mCourse[39m {
 [90m 9 |[39m     
id[33m:[39m 
string[0m

The export 
toggleCoursePremium 
was not found in 
module [project]/app/ac
tions/admin.ts 
[app-client] 
(ecmascript).
Did you mean to import 
deleteUser?
All exports of the 
module are statically 
known (It doesn't have 
dynamic exports). So 
it's known statically 
that the requested 
export doesn't exist.

Import traces:
  Client Component 
Browser:
    ./components/admin/
courses-table.tsx 
[Client Component 
Browser]
    ./app/admin/dashboa
rd/client.tsx [Client 
Component Browser]
    ./app/admin/dashboa
rd/client.tsx [Server 
Component]
    ./app/admin/dashboa
rd/page.tsx [Server 
Component]

  Client Component SSR:
    ./components/admin/
courses-table.tsx 
[Client Component SSR]
    ./app/admin/dashboa
rd/client.tsx [Client 
Component SSR]
    ./app/admin/dashboa
rd/client.tsx [Server 
Component]
    ./app/admin/dashboa
rd/page.tsx [Server 
Component]


./components/admin/cour
ses-table.tsx:6:1
Export 
toggleCoursePremium 
doesn't exist in 
target module
[0m [90m 4 |[39m 
[36mimport[39m { 
motion } 
[36mfrom[39m [32m"fr
amer-motion"[39m
 [90m 5 |[39m 
[36mimport[39m { [33
mTrash2[39m[33m,[39m
 [33mEye[39m[33m,[3
9m [33mEyeOff[39m[33
m,[39m [33mStar[39m 
} [36mfrom[39m [32m"
lucide-react"[39m
[31m[1m>[22m[39m[9
0m 6 |[39m 
[36mimport[39m { togg
leCoursePublish[33m,[
39m toggleCoursePremium
[33m,[39m 
deleteCourse } 
[36mfrom[39m [32m"@/
app/actions/admin"[39m
 [90m   |[39m [31m[
1m^[22m[39m[31m[1m^
[22m[39m[31m[1m^[2
2m[39m[31m[1m^[22m
[39m[31m[1m^[22m[39
m[31m[1m^[22m[39m[
31m[1m^[22m[39m[31m
[1m^[22m[39m[31m[1
m^[22m[39m[31m[1m^
[22m[39m[31m[1m^[22
m[39m[31m[1m^[22m[
39m[31m[1m^[22m[39m
[31m[1m^[22m[39m[3
1m[1m^[22m[39m[31m
[1m^[22m[39m[31m[1m
^[22m[39m[31m[1m^[
22m[39m[31m[1m^[22m
[39m[31m[1m^[22m[3
9m[31m[1m^[22m[39m
[31m[1m^[22m[39m[31
m[1m^[22m[39m[31m[
1m^[22m[39m[31m[1m^
[22m[39m[31m[1m^[2
2m[39m[31m[1m^[22m
[39m[31m[1m^[22m[39
m[31m[1m^[22m[39m[
31m[1m^[22m[39m[31m
[1m^[22m[39m[31m[1
m^[22m[39m[31m[1m^
[22m[39m[31m[1m^[22
m[39m[31m[1m^[22m[
39m[31m[1m^[22m[39m
[31m[1m^[22m[39m[3
1m[1m^[22m[39m[31m
[1m^[22m[39m[31m[1m
^[22m[39m[31m[1m^[
22m[39m[31m[1m^[22m
[39m[31m[1m^[22m[3
9m[31m[1m^[22m[39m
[31m[1m^[22m[39m[31
m[1m^[22m[39m[31m[
1m^[22m[39m[31m[1m^
[22m[39m[31m[1m^[2
2m[39m[31m[1m^[22m
[39m[31m[1m^[22m[39
m[31m[1m^[22m[39m[
31m[1m^[22m[39m[31m
[1m^[22m[39m[31m[1
m^[22m[39m[31m[1m^
[22m[39m[31m[1m^[22
m[39m[31m[1m^[22m[
39m[31m[1m^[22m[39m
[31m[1m^[22m[39m[3
1m[1m^[22m[39m[31m
[1m^[22m[39m[31m[1m
^[22m[39m[31m[1m^[
22m[39m[31m[1m^[22m
[39m[31m[1m^[22m[3
9m[31m[1m^[22m[39m
[31m[1m^[22m[39m[31
m[1m^[22m[39m[31m[
1m^[22m[39m[31m[1m^
[22m[39m[31m[1m^[2
2m[39m[31m[1m^[22m
[39m[31m[1m^[22m[39
m[31m[1m^[22m[39m[
31m[1m^[22m[39m[31m
[1m^[22m[39m[31m[1
m^[22m[39m[31m[1m^
[22m[39m[31m[1m^[22
m[39m[31m[1m^[22m[
39m[31m[1m^[22m[39m
[31m[1m^[22m[39m[3
1m[1m^[22m[39m[31m
[1m^[22m[39m[31m[1m
^[22m[39m[31m[1m^[
22m[39m[31m[1m^[22m
[39m[31m[1m^[22m[3
9m[31m[1m^[22m[39m
[31m[1m^[22m[39m[31
m[1m^[22m[39m
 [90m 7 |[39m
 [90m 8 |[39m 
[36minterface[39m 
[33mCourse[39m {
 [90m 9 |[39m     
id[33m:[39m 
string[0m

The export 
toggleCoursePremium 
was not found in 
module [project]/app/ac
tions/admin.ts 
[app-ssr] (ecmascript).
Did you mean to import 
deleteUser?
All exports of the 
module are statically 
known (It doesn't have 
dynamic exports). So 
it's known statically 
that the requested 
export doesn't exist.

Import traces:
  Client Component 
Browser:
    ./components/admin/
courses-table.tsx 
[Client Component 
Browser]
    ./app/admin/dashboa
rd/client.tsx [Client 
Component Browser]
    ./app/admin/dashboa
rd/client.tsx [Server 
Component]
    ./app/admin/dashboa
rd/page.tsx [Server 
Component]

  Client Component SSR:
    ./components/admin/
courses-table.tsx 
[Client Component SSR]
    ./app/admin/dashboa
rd/client.tsx [Client 
Component SSR]
    ./app/admin/dashboa
rd/client.tsx [Server 
Component]
    ./app/admin/dashboa
rd/page.tsx [Server 
Component]


./components/admin/cour
ses-table.tsx:6:1
Export 
toggleCoursePublish 
doesn't exist in 
target module
[0m [90m 4 |[39m 
[36mimport[39m { 
motion } 
[36mfrom[39m [32m"fr
amer-motion"[39m
 [90m 5 |[39m 
[36mimport[39m { [33
mTrash2[39m[33m,[39m
 [33mEye[39m[33m,[3
9m [33mEyeOff[39m[33
m,[39m [33mStar[39m 
} [36mfrom[39m [32m"
lucide-react"[39m
[31m[1m>[22m[39m[9
0m 6 |[39m 
[36mimport[39m { togg
leCoursePublish[33m,[
39m toggleCoursePremium
[33m,[39m 
deleteCourse } 
[36mfrom[39m [32m"@/
app/actions/admin"[39m
 [90m   |[39m [31m[
1m^[22m[39m[31m[1m^
[22m[39m[31m[1m^[2
2m[39m[31m[1m^[22m
[39m[31m[1m^[22m[39
m[31m[1m^[22m[39m[
31m[1m^[22m[39m[31m
[1m^[22m[39m[31m[1
m^[22m[39m[31m[1m^
[22m[39m[31m[1m^[22
m[39m[31m[1m^[22m[
39m[31m[1m^[22m[39m
[31m[1m^[22m[39m[3
1m[1m^[22m[39m[31m
[1m^[22m[39m[31m[1m
^[22m[39m[31m[1m^[
22m[39m[31m[1m^[22m
[39m[31m[1m^[22m[3
9m[31m[1m^[22m[39m
[31m[1m^[22m[39m[31
m[1m^[22m[39m[31m[
1m^[22m[39m[31m[1m^
[22m[39m[31m[1m^[2
2m[39m[31m[1m^[22m
[39m[31m[1m^[22m[39
m[31m[1m^[22m[39m[
31m[1m^[22m[39m[31m
[1m^[22m[39m[31m[1
m^[22m[39m[31m[1m^
[22m[39m[31m[1m^[22
m[39m[31m[1m^[22m[
39m[31m[1m^[22m[39m
[31m[1m^[22m[39m[3
1m[1m^[22m[39m[31m
[1m^[22m[39m[31m[1m
^[22m[39m[31m[1m^[
22m[39m[31m[1m^[22m
[39m[31m[1m^[22m[3
9m[31m[1m^[22m[39m
[31m[1m^[22m[39m[31
m[1m^[22m[39m[31m[
1m^[22m[39m[31m[1m^
[22m[39m[31m[1m^[2
2m[39m[31m[1m^[22m
[39m[31m[1m^[22m[39
m[31m[1m^[22m[39m[
31m[1m^[22m[39m[31m
[1m^[22m[39m[31m[1
m^[22m[39m[31m[1m^
[22m[39m[31m[1m^[22
m[39m[31m[1m^[22m[
39m[31m[1m^[22m[39m
[31m[1m^[22m[39m[3
1m[1m^[22m[39m[31m
[1m^[22m[39m[31m[1m
^[22m[39m[31m[1m^[
22m[39m[31m[1m^[22m
[39m[31m[1m^[22m[3
9m[31m[1m^[22m[39m
[31m[1m^[22m[39m[31
m[1m^[22m[39m[31m[
1m^[22m[39m[31m[1m^
[22m[39m[31m[1m^[2
2m[39m[31m[1m^[22m
[39m[31m[1m^[22m[39
m[31m[1m^[22m[39m[
31m[1m^[22m[39m[31m
[1m^[22m[39m[31m[1
m^[22m[39m[31m[1m^
[22m[39m[31m[1m^[22
m[39m[31m[1m^[22m[
39m[31m[1m^[22m[39m
[31m[1m^[22m[39m[3
1m[1m^[22m[39m[31m
[1m^[22m[39m[31m[1m
^[22m[39m[31m[1m^[
22m[39m[31m[1m^[22m
[39m[31m[1m^[22m[3
9m[31m[1m^[22m[39m
[31m[1m^[22m[39m[31
m[1m^[22m[39m
 [90m 7 |[39m
 [90m 8 |[39m 
[36minterface[39m 
[33mCourse[39m {
 [90m 9 |[39m     
id[33m:[39m 
string[0m

The export 
toggleCoursePublish 
was not found in 
module [project]/app/ac
tions/admin.ts 
[app-client] 
(ecmascript).
Did you mean to import 
getAdminCourses?
All exports of the 
module are statically 
known (It doesn't have 
dynamic exports). So 
it's known statically 
that the requested 
export doesn't exist.

Import traces:
  Client Component 
Browser:
    ./components/admin/
courses-table.tsx 
[Client Component 
Browser]
    ./app/admin/dashboa
rd/client.tsx [Client 
Component Browser]
    ./app/admin/dashboa
rd/client.tsx [Server 
Component]
    ./app/admin/dashboa
rd/page.tsx [Server 
Component]

  Client Component SSR:
    ./components/admin/
courses-table.tsx 
[Client Component SSR]
    ./app/admin/dashboa
rd/client.tsx [Client 
Component SSR]
    ./app/admin/dashboa
rd/client.tsx [Server 
Component]
    ./app/admin/dashboa
rd/page.tsx [Server 
Component]


./components/admin/cour
ses-table.tsx:6:1
Export 
toggleCoursePublish 
doesn't exist in 
target module
[0m [90m 4 |[39m 
[36mimport[39m { 
motion } 
[36mfrom[39m [32m"fr
amer-motion"[39m
 [90m 5 |[39m 
[36mimport[39m { [33
mTrash2[39m[33m,[39m
 [33mEye[39m[33m,[3
9m [33mEyeOff[39m[33
m,[39m [33mStar[39m 
} [36mfrom[39m [32m"
lucide-react"[39m
[31m[1m>[22m[39m[9
0m 6 |[39m 
[36mimport[39m { togg
leCoursePublish[33m,[
39m toggleCoursePremium
[33m,[39m 
deleteCourse } 
[36mfrom[39m [32m"@/
app/actions/admin"[39m
 [90m   |[39m [31m[
1m^[22m[39m[31m[1m^
[22m[39m[31m[1m^[2
2m[39m[31m[1m^[22m
[39m[31m[1m^[22m[39
m[31m[1m^[22m[39m[
31m[1m^[22m[39m[31m
[1m^[22m[39m[31m[1
m^[22m[39m[31m[1m^
[22m[39m[31m[1m^[22
m[39m[31m[1m^[22m[
39m[31m[1m^[22m[39m
[31m[1m^[22m[39m[3
1m[1m^[22m[39m[31m
[1m^[22m[39m[31m[1m
^[22m[39m[31m[1m^[
22m[39m[31m[1m^[22m
[39m[31m[1m^[22m[3
9m[31m[1m^[22m[39m
[31m[1m^[22m[39m[31
m[1m^[22m[39m[31m[
1m^[22m[39m[31m[1m^
[22m[39m[31m[1m^[2
2m[39m[31m[1m^[22m
[39m[31m[1m^[22m[39
m[31m[1m^[22m[39m[
31m[1m^[22m[39m[31m
[1m^[22m[39m[31m[1
m^[22m[39m[31m[1m^
[22m[39m[31m[1m^[22
m[39m[31m[1m^[22m[
39m[31m[1m^[22m[39m
[31m[1m^[22m[39m[3
1m[1m^[22m[39m[31m
[1m^[22m[39m[31m[1m
^[22m[39m[31m[1m^[
22m[39m[31m[1m^[22m
[39m[31m[1m^[22m[3
9m[31m[1m^[22m[39m
[31m[1m^[22m[39m[31
m[1m^[22m[39m[31m[
1m^[22m[39m[31m[1m^
[22m[39m[31m[1m^[2
2m[39m[31m[1m^[22m
[39m[31m[1m^[22m[39
m[31m[1m^[22m[39m[
31m[1m^[22m[39m[31m
[1m^[22m[39m[31m[1
m^[22m[39m[31m[1m^
[22m[39m[31m[1m^[22
m[39m[31m[1m^[22m[
39m[31m[1m^[22m[39m
[31m[1m^[22m[39m[3
1m[1m^[22m[39m[31m
[1m^[22m[39m[31m[1m
^[22m[39m[31m[1m^[
22m[39m[31m[1m^[22m
[39m[31m[1m^[22m[3
9m[31m[1m^[22m[39m
[31m[1m^[22m[39m[31
m[1m^[22m[39m[31m[
1m^[22m[39m[31m[1m^
[22m[39m[31m[1m^[2
2m[39m[31m[1m^[22m
[39m[31m[1m^[22m[39
m[31m[1m^[22m[39m[
31m[1m^[22m[39m[31m
[1m^[22m[39m[31m[1
m^[22m[39m[31m[1m^
[22m[39m[31m[1m^[22
m[39m[31m[1m^[22m[
39m[31m[1m^[22m[39m
[31m[1m^[22m[39m[3
1m[1m^[22m[39m[31m
[1m^[22m[39m[31m[1m
^[22m[39m[31m[1m^[
22m[39m[31m[1m^[22m
[39m[31m[1m^[22m[3
9m[31m[1m^[22m[39m
[31m[1m^[22m[39m[31
m[1m^[22m[39m
 [90m 7 |[39m
 [90m 8 |[39m 
[36minterface[39m 
[33mCourse[39m {
 [90m 9 |[39m     
id[33m:[39m 
string[0m

The export 
toggleCoursePublish 
was not found in 
module [project]/app/ac
tions/admin.ts 
[app-ssr] (ecmascript).
Did you mean to import 
getAdminCourses?
All exports of the 
module are statically 
known (It doesn't have 
dynamic exports). So 
it's known statically 
that the requested 
export doesn't exist.

Import traces:
  Client Component 
Browser:
    ./components/admin/
courses-table.tsx 
[Client Component 
Browser]
    ./app/admin/dashboa
rd/client.tsx [Client 
Component Browser]
    ./app/admin/dashboa
rd/client.tsx [Server 
Component]
    ./app/admin/dashboa
rd/page.tsx [Server 
Component]

  Client Component SSR:
    ./components/admin/
courses-table.tsx 
[Client Component SSR]
    ./app/admin/dashboa
rd/client.tsx [Client 
Component SSR]
    ./app/admin/dashboa
rd/client.tsx [Server 
Component]
    ./app/admin/dashboa
rd/page.tsx [Server 
Component]


./components/admin/user
s-table.tsx:6:1
Export updateUserStats 
doesn't exist in 
target module
[0m [90m 4 |[39m 
[36mimport[39m { 
motion } 
[36mfrom[39m [32m"fr
amer-motion"[39m
 [90m 5 |[39m 
[36mimport[39m { [33
mShield[39m[33m,[39m
 [33mShieldAlert[39m
[33m,[39m [33mZap[39
m[33m,[39m [33mEdit2
[39m[33m,[39m 
[33mRotateCcw[39m } 
[36mfrom[39m [32m"lu
cide-react"[39m
[31m[1m>[22m[39m[9
0m 6 |[39m 
[36mimport[39m { upda
teUserRole[33m,[39m 
updateUserStats } 
[36mfrom[39m [32m"@/
app/actions/admin"[39m
 [90m   |[39m [31m[
1m^[22m[39m[31m[1m^
[22m[39m[31m[1m^[2
2m[39m[31m[1m^[22m
[39m[31m[1m^[22m[39
m[31m[1m^[22m[39m[
31m[1m^[22m[39m[31m
[1m^[22m[39m[31m[1
m^[22m[39m[31m[1m^
[22m[39m[31m[1m^[22
m[39m[31m[1m^[22m[
39m[31m[1m^[22m[39m
[31m[1m^[22m[39m[3
1m[1m^[22m[39m[31m
[1m^[22m[39m[31m[1m
^[22m[39m[31m[1m^[
22m[39m[31m[1m^[22m
[39m[31m[1m^[22m[3
9m[31m[1m^[22m[39m
[31m[1m^[22m[39m[31
m[1m^[22m[39m[31m[
1m^[22m[39m[31m[1m^
[22m[39m[31m[1m^[2
2m[39m[31m[1m^[22m
[39m[31m[1m^[22m[39
m[31m[1m^[22m[39m[
31m[1m^[22m[39m[31m
[1m^[22m[39m[31m[1
m^[22m[39m[31m[1m^
[22m[39m[31m[1m^[22
m[39m[31m[1m^[22m[
39m[31m[1m^[22m[39m
[31m[1m^[22m[39m[3
1m[1m^[22m[39m[31m
[1m^[22m[39m[31m[1m
^[22m[39m[31m[1m^[
22m[39m[31m[1m^[22m
[39m[31m[1m^[22m[3
9m[31m[1m^[22m[39m
[31m[1m^[22m[39m[31
m[1m^[22m[39m[31m[
1m^[22m[39m[31m[1m^
[22m[39m[31m[1m^[2
2m[39m[31m[1m^[22m
[39m[31m[1m^[22m[39
m[31m[1m^[22m[39m[
31m[1m^[22m[39m[31m
[1m^[22m[39m[31m[1
m^[22m[39m[31m[1m^
[22m[39m[31m[1m^[22
m[39m[31m[1m^[22m[
39m[31m[1m^[22m[39m
[31m[1m^[22m[39m[3
1m[1m^[22m[39m[31m
[1m^[22m[39m[31m[1m
^[22m[39m[31m[1m^[
22m[39m[31m[1m^[22m
[39m[31m[1m^[22m[3
9m[31m[1m^[22m[39m
[31m[1m^[22m[39m[31
m[1m^[22m[39m
 [90m 7 |[39m
 [90m 8 |[39m 
[36minterface[39m 
[33mUser[39m {
 [90m 9 |[39m     
id[33m:[39m 
string[0m

The export 
updateUserStats was 
not found in module [pr
oject]/app/actions/admi
n.ts [app-client] 
(ecmascript).
Did you mean to import 
updateUserRole?
All exports of the 
module are statically 
known (It doesn't have 
dynamic exports). So 
it's known statically 
that the requested 
export doesn't exist.

Import traces:
  Client Component 
Browser:
    ./components/admin/
users-table.tsx 
[Client Component 
Browser]
    ./app/admin/dashboa
rd/client.tsx [Client 
Component Browser]
    ./app/admin/dashboa
rd/client.tsx [Server 
Component]
    ./app/admin/dashboa
rd/page.tsx [Server 
Component]

  Client Component SSR:
    ./components/admin/
users-table.tsx 
[Client Component SSR]
    ./app/admin/dashboa
rd/client.tsx [Client 
Component SSR]
    ./app/admin/dashboa
rd/client.tsx [Server 
Component]
    ./app/admin/dashboa
rd/page.tsx [Server 
Component]


./components/admin/user
s-table.tsx:6:1
Export updateUserStats 
doesn't exist in 
target module
[0m [90m 4 |[39m 
[36mimport[39m { 
motion } 
[36mfrom[39m [32m"fr
amer-motion"[39m
 [90m 5 |[39m 
[36mimport[39m { [33
mShield[39m[33m,[39m
 [33mShieldAlert[39m
[33m,[39m [33mZap[39
m[33m,[39m [33mEdit2
[39m[33m,[39m 
[33mRotateCcw[39m } 
[36mfrom[39m [32m"lu
cide-react"[39m
[31m[1m>[22m[39m[9
0m 6 |[39m 
[36mimport[39m { upda
teUserRole[33m,[39m 
updateUserStats } 
[36mfrom[39m [32m"@/
app/actions/admin"[39m
 [90m   |[39m [31m[
1m^[22m[39m[31m[1m^
[22m[39m[31m[1m^[2
2m[39m[31m[1m^[22m
[39m[31m[1m^[22m[39
m[31m[1m^[22m[39m[
31m[1m^[22m[39m[31m
[1m^[22m[39m[31m[1
m^[22m[39m[31m[1m^
[22m[39m[31m[1m^[22
m[39m[31m[1m^[22m[
39m[31m[1m^[22m[39m
[31m[1m^[22m[39m[3
1m[1m^[22m[39m[31m
[1m^[22m[39m[31m[1m
^[22m[39m[31m[1m^[
22m[39m[31m[1m^[22m
[39m[31m[1m^[22m[3
9m[31m[1m^[22m[39m
[31m[1m^[22m[39m[31
m[1m^[22m[39m[31m[
1m^[22m[39m[31m[1m^
[22m[39m[31m[1m^[2
2m[39m[31m[1m^[22m
[39m[31m[1m^[22m[39
m[31m[1m^[22m[39m[
31m[1m^[22m[39m[31m
[1m^[22m[39m[31m[1
m^[22m[39m[31m[1m^
[22m[39m[31m[1m^[22
m[39m[31m[1m^[22m[
39m[31m[1m^[22m[39m
[31m[1m^[22m[39m[3
1m[1m^[22m[39m[31m
[1m^[22m[39m[31m[1m
^[22m[39m[31m[1m^[
22m[39m[31m[1m^[22m
[39m[31m[1m^[22m[3
9m[31m[1m^[22m[39m
[31m[1m^[22m[39m[31
m[1m^[22m[39m[31m[
1m^[22m[39m[31m[1m^
[22m[39m[31m[1m^[2
2m[39m[31m[1m^[22m
[39m[31m[1m^[22m[39
m[31m[1m^[22m[39m[
31m[1m^[22m[39m[31m
[1m^[22m[39m[31m[1
m^[22m[39m[31m[1m^
[22m[39m[31m[1m^[22
m[39m[31m[1m^[22m[
39m[31m[1m^[22m[39m
[31m[1m^[22m[39m[3
1m[1m^[22m[39m[31m
[1m^[22m[39m[31m[1m
^[22m[39m[31m[1m^[
22m[39m[31m[1m^[22m
[39m[31m[1m^[22m[3
9m[31m[1m^[22m[39m
[31m[1m^[22m[39m[31
m[1m^[22m[39m
 [90m 7 |[39m
 [90m 8 |[39m 
[36minterface[39m 
[33mUser[39m {
 [90m 9 |[39m     
id[33m:[39m 
string[0m

The export 
updateUserStats was 
not found in module [pr
oject]/app/actions/admi
n.ts [app-ssr] 
(ecmascript).
Did you mean to import 
updateUserRole?
All exports of the 
module are statically 
known (It doesn't have 
dynamic exports). So 
it's known statically 
that the requested 
export doesn't exist.

Import traces:
  Client Component 
Browser:
    ./components/admin/
users-table.tsx 
[Client Component 
Browser]
    ./app/admin/dashboa
rd/client.tsx [Client 
Component Browser]
    ./app/admin/dashboa
rd/client.tsx [Server 
Component]
    ./app/admin/dashboa
rd/page.tsx [Server 
Component]

  Client Component SSR:
    ./components/admin/
users-table.tsx 
[Client Component SSR]
    ./app/admin/dashboa
rd/client.tsx [Client 
Component SSR]
    ./app/admin/dashboa
rd/client.tsx [Server 
Component]
    ./app/admin/dashboa
rd/page.tsx [Server 
Component]


    at <unknown> (./app
/actions/admin.ts:3:1)
    at <unknown> (https
://nextjs.org/docs/mess
ages/module-not-found)
    at <unknown> (./app
/admin/layout.tsx:3:1)
    at <unknown> (https
://nextjs.org/docs/mess
ages/module-not-found)
    at <unknown> (./com
ponents/admin/courses-t
able.tsx:6:1)
    at <unknown> (./com
ponents/admin/courses-t
able.tsx:6:1)
    at <unknown> (./app
/admin/dashboard/page.t
sx:4:1)
    at <unknown> (./app
/admin/dashboard/page.t
sx:4:1)
    at <unknown> (./com
ponents/admin/courses-t
able.tsx:6:1)
    ... collapsed 3 
duplicate lines 
matching above 1 lines 
3 times...
    at <unknown> (./com
ponents/admin/users-tab
le.tsx:6:1)
    at <unknown> (./com
ponents/admin/users-tab
le.tsx:6:1)
